<?xml version="1.0" encoding="UTF-8"?>
<!-- Generated by org.testng.reporters.JUnitReportReporter -->
<testsuite hostname="Saranya-PC" name="Lennox.LennoxPros.ChromeTest" tests="1" failures="0" timestamp="23 Apr 2021 17:17:03 GMT" time="38.903" errors="0">
  <testcase name="test" time="38.903" classname="Lennox.LennoxPros.ChromeTest"/>
</testsuite> <!-- Lennox.LennoxPros.ChromeTest -->
