<?xml version="1.0" encoding="UTF-8"?>
<!-- Generated by org.testng.reporters.JUnitReportReporter -->
<testsuite hostname="Saranya-PC" name="accelerators.BaseClass" tests="1" failures="0" timestamp="24 Apr 2021 08:01:24 GMT" time="69.343" errors="0">
  <testcase name="test" time="69.343" classname="accelerators.BaseClass"/>
</testsuite> <!-- accelerators.BaseClass -->
